<?xml version="1.0" encoding="UTF-8"?>
<coverage generated="1622129520871" clover="3.2.0">
  <project timestamp="1622129520871" name="All files">
    <metrics statements="33" coveredstatements="29" conditionals="16" coveredconditionals="11" methods="16" coveredmethods="10" elements="65" coveredelements="50" complexity="0" loc="33" ncloc="33" packages="1" files="1" classes="1"/>
    <file name="cookies.js" path="/Users/zguillez/Documentos/Repositorios/cookies-popup/src/cookies.js">
      <metrics statements="33" coveredstatements="29" conditionals="16" coveredconditionals="11" methods="16" coveredmethods="10"/>
      <line num="6" count="2" type="stmt"/>
      <line num="7" count="2" type="cond" truecount="1" falsecount="1"/>
      <line num="8" count="2" type="stmt"/>
      <line num="9" count="2" type="stmt"/>
      <line num="17" count="1" type="stmt"/>
      <line num="18" count="1" type="stmt"/>
      <line num="19" count="1" type="stmt"/>
      <line num="20" count="5" type="stmt"/>
      <line num="27" count="2" type="stmt"/>
      <line num="28" count="2" type="cond" truecount="2" falsecount="0"/>
      <line num="29" count="1" type="stmt"/>
      <line num="30" count="1" type="stmt"/>
      <line num="39" count="1" type="stmt"/>
      <line num="40" count="1" type="stmt"/>
      <line num="47" count="1" type="cond" truecount="1" falsecount="1"/>
      <line num="48" count="0" type="stmt"/>
      <line num="57" count="6" type="stmt"/>
      <line num="58" count="0" type="stmt"/>
      <line num="67" count="7" type="stmt"/>
      <line num="68" count="7" type="cond" truecount="4" falsecount="0"/>
      <line num="69" count="7" type="stmt"/>
      <line num="76" count="0" type="stmt"/>
      <line num="77" count="0" type="stmt"/>
      <line num="85" count="5" type="cond" truecount="1" falsecount="1"/>
      <line num="86" count="5" type="stmt"/>
      <line num="87" count="5" type="stmt"/>
      <line num="88" count="5" type="cond" truecount="1" falsecount="1"/>
      <line num="96" count="4" type="stmt"/>
      <line num="103" count="1" type="stmt"/>
      <line num="104" count="1" type="stmt"/>
      <line num="105" count="1" type="stmt"/>
      <line num="110" count="1" type="cond" truecount="1" falsecount="1"/>
      <line num="111" count="1" type="stmt"/>
    </file>
  </project>
</coverage>
