{"/Users/zguillez/Documentos/Repositorios/cookies-popup/src/cookies.js": {"path":"/Users/zguillez/Documentos/Repositorios/cookies-popup/src/cookies.js","statementMap":{"0":{"start":{"line":6,"column":20},"end":{"line":6,"column":51}},"1":{"start":{"line":7,"column":4},"end":{"line":7,"column":54}},"2":{"start":{"line":8,"column":4},"end":{"line":8,"column":48}},"3":{"start":{"line":9,"column":4},"end":{"line":9,"column":61}},"4":{"start":{"line":17,"column":4},"end":{"line":17,"column":67}},"5":{"start":{"line":17,"column":42},"end":{"line":17,"column":65}},"6":{"start":{"line":18,"column":4},"end":{"line":18,"column":108}},"7":{"start":{"line":18,"column":77},"end":{"line":18,"column":106}},"8":{"start":{"line":19,"column":4},"end":{"line":19,"column":77}},"9":{"start":{"line":19,"column":46},"end":{"line":19,"column":75}},"10":{"start":{"line":20,"column":4},"end":{"line":20,"column":92}},"11":{"start":{"line":20,"column":57},"end":{"line":20,"column":90}},"12":{"start":{"line":27,"column":4},"end":{"line":27,"column":26}},"13":{"start":{"line":28,"column":4},"end":{"line":31,"column":5}},"14":{"start":{"line":29,"column":6},"end":{"line":29,"column":65}},"15":{"start":{"line":30,"column":6},"end":{"line":30,"column":26}},"16":{"start":{"line":39,"column":4},"end":{"line":39,"column":23}},"17":{"start":{"line":40,"column":4},"end":{"line":40,"column":24}},"18":{"start":{"line":47,"column":4},"end":{"line":49,"column":5}},"19":{"start":{"line":48,"column":6},"end":{"line":48,"column":26}},"20":{"start":{"line":57,"column":4},"end":{"line":59,"column":7}},"21":{"start":{"line":58,"column":6},"end":{"line":58,"column":26}},"22":{"start":{"line":67,"column":18},"end":{"line":67,"column":25}},"23":{"start":{"line":68,"column":4},"end":{"line":68,"column":66}},"24":{"start":{"line":68,"column":49},"end":{"line":68,"column":66}},"25":{"start":{"line":69,"column":4},"end":{"line":69,"column":67}},"26":{"start":{"line":76,"column":4},"end":{"line":76,"column":70}},"27":{"start":{"line":77,"column":4},"end":{"line":77,"column":67}},"28":{"start":{"line":85,"column":4},"end":{"line":85,"column":68}},"29":{"start":{"line":86,"column":4},"end":{"line":86,"column":27}},"30":{"start":{"line":87,"column":4},"end":{"line":87,"column":58}},"31":{"start":{"line":88,"column":4},"end":{"line":88,"column":66}},"32":{"start":{"line":88,"column":41},"end":{"line":88,"column":66}},"33":{"start":{"line":96,"column":4},"end":{"line":96,"column":32}},"34":{"start":{"line":103,"column":0},"end":{"line":103,"column":76}},"35":{"start":{"line":103,"column":52},"end":{"line":103,"column":74}},"36":{"start":{"line":104,"column":0},"end":{"line":104,"column":32}},"37":{"start":{"line":105,"column":0},"end":{"line":105,"column":52}},"38":{"start":{"line":110,"column":0},"end":{"line":112,"column":1}},"39":{"start":{"line":111,"column":2},"end":{"line":111,"column":33}}},"fnMap":{"0":{"name":"(anonymous_0)","decl":{"start":{"line":5,"column":2},"end":{"line":5,"column":3}},"loc":{"start":{"line":5,"column":16},"end":{"line":11,"column":3}},"line":5},"1":{"name":"(anonymous_1)","decl":{"start":{"line":16,"column":2},"end":{"line":16,"column":3}},"loc":{"start":{"line":16,"column":9},"end":{"line":21,"column":3}},"line":16},"2":{"name":"(anonymous_2)","decl":{"start":{"line":17,"column":36},"end":{"line":17,"column":37}},"loc":{"start":{"line":17,"column":42},"end":{"line":17,"column":65}},"line":17},"3":{"name":"(anonymous_3)","decl":{"start":{"line":18,"column":70},"end":{"line":18,"column":71}},"loc":{"start":{"line":18,"column":77},"end":{"line":18,"column":106}},"line":18},"4":{"name":"(anonymous_4)","decl":{"start":{"line":19,"column":40},"end":{"line":19,"column":41}},"loc":{"start":{"line":19,"column":46},"end":{"line":19,"column":75}},"line":19},"5":{"name":"(anonymous_5)","decl":{"start":{"line":20,"column":47},"end":{"line":20,"column":48}},"loc":{"start":{"line":20,"column":57},"end":{"line":20,"column":90}},"line":20},"6":{"name":"(anonymous_6)","decl":{"start":{"line":26,"column":2},"end":{"line":26,"column":3}},"loc":{"start":{"line":26,"column":21},"end":{"line":32,"column":3}},"line":26},"7":{"name":"(anonymous_7)","decl":{"start":{"line":38,"column":2},"end":{"line":38,"column":3}},"loc":{"start":{"line":38,"column":27},"end":{"line":41,"column":3}},"line":38},"8":{"name":"(anonymous_8)","decl":{"start":{"line":46,"column":2},"end":{"line":46,"column":3}},"loc":{"start":{"line":46,"column":27},"end":{"line":50,"column":3}},"line":46},"9":{"name":"(anonymous_9)","decl":{"start":{"line":56,"column":2},"end":{"line":56,"column":3}},"loc":{"start":{"line":56,"column":31},"end":{"line":60,"column":3}},"line":56},"10":{"name":"(anonymous_10)","decl":{"start":{"line":57,"column":35},"end":{"line":57,"column":36}},"loc":{"start":{"line":57,"column":41},"end":{"line":59,"column":5}},"line":57},"11":{"name":"(anonymous_11)","decl":{"start":{"line":66,"column":2},"end":{"line":66,"column":3}},"loc":{"start":{"line":66,"column":18},"end":{"line":70,"column":3}},"line":66},"12":{"name":"(anonymous_12)","decl":{"start":{"line":75,"column":2},"end":{"line":75,"column":3}},"loc":{"start":{"line":75,"column":20},"end":{"line":78,"column":3}},"line":75},"13":{"name":"(anonymous_13)","decl":{"start":{"line":84,"column":2},"end":{"line":84,"column":3}},"loc":{"start":{"line":84,"column":17},"end":{"line":89,"column":3}},"line":84},"14":{"name":"(anonymous_14)","decl":{"start":{"line":95,"column":2},"end":{"line":95,"column":3}},"loc":{"start":{"line":95,"column":21},"end":{"line":97,"column":3}},"line":95},"15":{"name":"(anonymous_15)","decl":{"start":{"line":103,"column":46},"end":{"line":103,"column":47}},"loc":{"start":{"line":103,"column":52},"end":{"line":103,"column":74}},"line":103}},"branchMap":{"0":{"loc":{"start":{"line":7,"column":27},"end":{"line":7,"column":53}},"type":"cond-expr","locations":[{"start":{"line":7,"column":39},"end":{"line":7,"column":46}},{"start":{"line":7,"column":49},"end":{"line":7,"column":53}}],"line":7},"1":{"loc":{"start":{"line":28,"column":4},"end":{"line":31,"column":5}},"type":"if","locations":[{"start":{"line":28,"column":4},"end":{"line":31,"column":5}},{"start":{"line":28,"column":4},"end":{"line":31,"column":5}}],"line":28},"2":{"loc":{"start":{"line":47,"column":4},"end":{"line":49,"column":5}},"type":"if","locations":[{"start":{"line":47,"column":4},"end":{"line":49,"column":5}},{"start":{"line":47,"column":4},"end":{"line":49,"column":5}}],"line":47},"3":{"loc":{"start":{"line":68,"column":4},"end":{"line":68,"column":66}},"type":"if","locations":[{"start":{"line":68,"column":4},"end":{"line":68,"column":66}},{"start":{"line":68,"column":4},"end":{"line":68,"column":66}}],"line":68},"4":{"loc":{"start":{"line":68,"column":8},"end":{"line":68,"column":47}},"type":"binary-expr","locations":[{"start":{"line":68,"column":8},"end":{"line":68,"column":12}},{"start":{"line":68,"column":16},"end":{"line":68,"column":47}}],"line":68},"5":{"loc":{"start":{"line":85,"column":31},"end":{"line":85,"column":65}},"type":"cond-expr","locations":[{"start":{"line":85,"column":60},"end":{"line":85,"column":61}},{"start":{"line":85,"column":64},"end":{"line":85,"column":65}}],"line":85},"6":{"loc":{"start":{"line":88,"column":4},"end":{"line":88,"column":66}},"type":"if","locations":[{"start":{"line":88,"column":4},"end":{"line":88,"column":66}},{"start":{"line":88,"column":4},"end":{"line":88,"column":66}}],"line":88},"7":{"loc":{"start":{"line":110,"column":0},"end":{"line":112,"column":1}},"type":"if","locations":[{"start":{"line":110,"column":0},"end":{"line":112,"column":1}},{"start":{"line":110,"column":0},"end":{"line":112,"column":1}}],"line":110}},"s":{"0":2,"1":2,"2":2,"3":2,"4":1,"5":0,"6":1,"7":0,"8":1,"9":0,"10":1,"11":5,"12":2,"13":2,"14":1,"15":1,"16":1,"17":1,"18":1,"19":0,"20":6,"21":0,"22":7,"23":7,"24":6,"25":7,"26":0,"27":0,"28":5,"29":5,"30":5,"31":5,"32":5,"33":4,"34":1,"35":0,"36":1,"37":1,"38":1,"39":1},"f":{"0":2,"1":1,"2":0,"3":0,"4":0,"5":5,"6":2,"7":1,"8":1,"9":6,"10":0,"11":7,"12":0,"13":5,"14":4,"15":0},"b":{"0":[0,2],"1":[1,1],"2":[0,1],"3":[6,1],"4":[7,2],"5":[5,0],"6":[5,0],"7":[1,0]},"_coverageSchema":"1a1c01bbd47fc00a2c39e90264f33305004495a9","hash":"7ce4ad227d1a4edf5eea95740a41e75ea91d23ee"}
}
