TN:
SF:src/cookies.js
FN:5,(anonymous_0)
FN:16,(anonymous_1)
FN:17,(anonymous_2)
FN:18,(anonymous_3)
FN:19,(anonymous_4)
FN:20,(anonymous_5)
FN:26,(anonymous_6)
FN:38,(anonymous_7)
FN:46,(anonymous_8)
FN:56,(anonymous_9)
FN:57,(anonymous_10)
FN:66,(anonymous_11)
FN:75,(anonymous_12)
FN:84,(anonymous_13)
FN:95,(anonymous_14)
FN:103,(anonymous_15)
FNF:16
FNH:10
FNDA:2,(anonymous_0)
FNDA:1,(anonymous_1)
FNDA:0,(anonymous_2)
FNDA:0,(anonymous_3)
FNDA:0,(anonymous_4)
FNDA:5,(anonymous_5)
FNDA:2,(anonymous_6)
FNDA:1,(anonymous_7)
FNDA:1,(anonymous_8)
FNDA:6,(anonymous_9)
FNDA:0,(anonymous_10)
FNDA:7,(anonymous_11)
FNDA:0,(anonymous_12)
FNDA:5,(anonymous_13)
FNDA:4,(anonymous_14)
FNDA:0,(anonymous_15)
DA:6,2
DA:7,2
DA:8,2
DA:9,2
DA:17,1
DA:18,1
DA:19,1
DA:20,5
DA:27,2
DA:28,2
DA:29,1
DA:30,1
DA:39,1
DA:40,1
DA:47,1
DA:48,0
DA:57,6
DA:58,0
DA:67,7
DA:68,7
DA:69,7
DA:76,0
DA:77,0
DA:85,5
DA:86,5
DA:87,5
DA:88,5
DA:96,4
DA:103,1
DA:104,1
DA:105,1
DA:110,1
DA:111,1
LF:33
LH:29
BRDA:7,0,0,0
BRDA:7,0,1,2
BRDA:28,1,0,1
BRDA:28,1,1,1
BRDA:47,2,0,0
BRDA:47,2,1,1
BRDA:68,3,0,6
BRDA:68,3,1,1
BRDA:68,4,0,7
BRDA:68,4,1,2
BRDA:85,5,0,5
BRDA:85,5,1,0
BRDA:88,6,0,5
BRDA:88,6,1,0
BRDA:110,7,0,1
BRDA:110,7,1,0
BRF:16
BRH:11
end_of_record
